<?xml version="1.0" encoding="UTF-8"?>
<!-- Generated by org.testng.reporters.JUnitReportReporter -->
<testsuite hostname="AZAPXL7HHQM13" name="com.SwagLabs.Tests.LoginToApplication" tests="2" failures="0" timestamp="6 Jan 2022 14:15:42 GMT" time="0.386" errors="0">
  <testcase name="inValidLogin" time="0.215" classname="com.SwagLabs.Tests.LoginToApplication"/>
  <testcase name="validLogin" time="0.171" classname="com.SwagLabs.Tests.LoginToApplication"/>
</testsuite> <!-- com.SwagLabs.Tests.LoginToApplication -->
